<?xml version="1.0" encoding="UTF-8"?>
<!-- Generated by org.testng.reporters.JUnitXMLReporter -->
<testsuite ignored="4" hostname="Shumson" failures="0" tests="1" name="Default test" time="6.622" errors="0" timestamp="2022-12-24T18:05:57 EST">
  <testcase classname="com.qa.tutorials.testcases.LoginTest" name="verifyLoginWithValidCredentials" time="0.856"/>
  <testcase classname="com.qa.tutorials.testcases.LoginTest" name="VerifyLoginWithInvalidEmailidValidPassword" time="0.0">
    <ignored/>
  </testcase> <!-- VerifyLoginWithInvalidEmailidValidPassword -->
  <testcase classname="com.qa.tutorials.testcases.LoginTest" name="verifyLoginWithInValidCredentials" time="0.0">
    <ignored/>
  </testcase> <!-- verifyLoginWithInValidCredentials -->
  <testcase classname="com.qa.tutorials.testcases.LoginTest" name="VerifyLoginWithvalidEmailidInValidPassword" time="0.0">
    <ignored/>
  </testcase> <!-- VerifyLoginWithvalidEmailidInValidPassword -->
  <testcase classname="com.qa.tutorials.testcases.LoginTest" name="VerifyLoginWithNoCredentials" time="0.0">
    <ignored/>
  </testcase> <!-- VerifyLoginWithNoCredentials -->
</testsuite> <!-- Default test -->
