<?xml version="1.0" encoding="UTF-8"?>
<!-- Generated by org.testng.reporters.JUnitXMLReporter -->
<testsuite ignored="0" hostname="Shumson" failures="0" tests="11" name="NinjaTest" time="102.804" errors="0" timestamp="2022-12-24T21:50:43 EST">
  <testcase classname="com.qa.tutorials.testcases.RegisterTest" name="verifyRegistrationMandatoryField" time="1.479"/>
  <testcase classname="com.qa.tutorials.testcases.RegisterTest" name="verifyRegistrationWithAllField" time="1.879"/>
  <testcase classname="com.qa.tutorials.testcases.RegisterTest" name="verifyRegestrationWithoutAnyDetails" time="0.708"/>
  <testcase classname="com.qa.tutorials.testcases.LoginTest" name="verifyLoginWithValidCredentials" time="1.189"/>
  <testcase classname="com.qa.tutorials.testcases.LoginTest" name="verifyLoginWithInValidCredentials" time="1.868"/>
  <testcase classname="com.qa.tutorials.testcases.LoginTest" name="VerifyLoginWithInvalidEmailidValidPassword" time="1.624"/>
  <testcase classname="com.qa.tutorials.testcases.LoginTest" name="VerifyLoginWithvalidEmailidInValidPassword" time="1.402"/>
  <testcase classname="com.qa.tutorials.testcases.LoginTest" name="VerifyLoginWithNoCredentials" time="1.926"/>
  <testcase classname="com.qa.tutorials.testcases.SearchTest" name="verifySearchWithValidProduct" time="1.177"/>
  <testcase classname="com.qa.tutorials.testcases.SearchTest" name="verifySearchWithInValidProduct" time="1.501"/>
  <testcase classname="com.qa.tutorials.testcases.SearchTest" name="verifySearchWithoutAnyProduct" time="0.71"/>
</testsuite> <!-- NinjaTest -->
