<?xml version="1.0" encoding="UTF-8"?>
<testng-results ignored="0" total="11" passed="11" failed="0" skipped="0">
  <reporter-output>
  </reporter-output>
  <suite started-at="2022-12-24T21:49:00 EST" name="NinjatutorialSuite" finished-at="2022-12-24T21:50:43 EST" duration-ms="102804">
    <groups>
    </groups>
    <test started-at="2022-12-24T21:49:00 EST" name="NinjaTest" finished-at="2022-12-24T21:50:43 EST" duration-ms="102804">
      <class name="com.qa.tutorials.testcases.RegisterTest">
        <test-method is-config="true" signature="setup()[pri:0, instance:com.qa.tutorials.testcases.RegisterTest@449a4f23]" started-at="2022-12-24T21:49:00 EST" name="setup" finished-at="2022-12-24T21:49:08 EST" duration-ms="7304" status="PASS">
          <reporter-output>
          </reporter-output>
        </test-method> <!-- setup -->
        <test-method signature="verifyRegistrationMandatoryField()[pri:1, instance:com.qa.tutorials.testcases.RegisterTest@449a4f23]" started-at="2022-12-24T21:49:08 EST" name="verifyRegistrationMandatoryField" finished-at="2022-12-24T21:49:09 EST" duration-ms="1479" status="PASS">
          <reporter-output>
          </reporter-output>
        </test-method> <!-- verifyRegistrationMandatoryField -->
        <test-method is-config="true" signature="tearDown()[pri:0, instance:com.qa.tutorials.testcases.RegisterTest@449a4f23]" started-at="2022-12-24T21:49:09 EST" name="tearDown" finished-at="2022-12-24T21:49:09 EST" duration-ms="281" status="PASS">
          <reporter-output>
          </reporter-output>
        </test-method> <!-- tearDown -->
        <test-method is-config="true" signature="setup()[pri:0, instance:com.qa.tutorials.testcases.RegisterTest@449a4f23]" started-at="2022-12-24T21:49:09 EST" name="setup" finished-at="2022-12-24T21:49:14 EST" duration-ms="4669" status="PASS">
          <reporter-output>
          </reporter-output>
        </test-method> <!-- setup -->
        <test-method signature="verifyRegistrationWithAllField()[pri:2, instance:com.qa.tutorials.testcases.RegisterTest@449a4f23]" started-at="2022-12-24T21:49:14 EST" name="verifyRegistrationWithAllField" finished-at="2022-12-24T21:49:16 EST" duration-ms="1879" status="PASS">
          <reporter-output>
          </reporter-output>
        </test-method> <!-- verifyRegistrationWithAllField -->
        <test-method is-config="true" signature="tearDown()[pri:0, instance:com.qa.tutorials.testcases.RegisterTest@449a4f23]" started-at="2022-12-24T21:49:16 EST" name="tearDown" finished-at="2022-12-24T21:49:16 EST" duration-ms="249" status="PASS">
          <reporter-output>
          </reporter-output>
        </test-method> <!-- tearDown -->
        <test-method is-config="true" signature="setup()[pri:0, instance:com.qa.tutorials.testcases.RegisterTest@449a4f23]" started-at="2022-12-24T21:49:16 EST" name="setup" finished-at="2022-12-24T21:49:21 EST" duration-ms="4749" status="PASS">
          <reporter-output>
          </reporter-output>
        </test-method> <!-- setup -->
        <test-method signature="verifyRegestrationWithoutAnyDetails()[pri:3, instance:com.qa.tutorials.testcases.RegisterTest@449a4f23]" started-at="2022-12-24T21:49:21 EST" name="verifyRegestrationWithoutAnyDetails" finished-at="2022-12-24T21:49:22 EST" duration-ms="708" status="PASS">
          <reporter-output>
          </reporter-output>
        </test-method> <!-- verifyRegestrationWithoutAnyDetails -->
        <test-method is-config="true" signature="tearDown()[pri:0, instance:com.qa.tutorials.testcases.RegisterTest@449a4f23]" started-at="2022-12-24T21:49:22 EST" name="tearDown" finished-at="2022-12-24T21:49:22 EST" duration-ms="214" status="PASS">
          <reporter-output>
          </reporter-output>
        </test-method> <!-- tearDown -->
      </class> <!-- com.qa.tutorials.testcases.RegisterTest -->
      <class name="com.qa.tutorials.testcases.SearchTest">
        <test-method is-config="true" signature="startup()[pri:0, instance:com.qa.tutorials.testcases.SearchTest@8458f04]" started-at="2022-12-24T21:50:24 EST" name="startup" finished-at="2022-12-24T21:50:28 EST" duration-ms="4692" status="PASS">
          <reporter-output>
          </reporter-output>
        </test-method> <!-- startup -->
        <test-method signature="verifySearchWithValidProduct()[pri:1, instance:com.qa.tutorials.testcases.SearchTest@8458f04]" started-at="2022-12-24T21:50:28 EST" name="verifySearchWithValidProduct" finished-at="2022-12-24T21:50:29 EST" duration-ms="1177" status="PASS">
          <reporter-output>
          </reporter-output>
        </test-method> <!-- verifySearchWithValidProduct -->
        <test-method is-config="true" signature="tearDown()[pri:0, instance:com.qa.tutorials.testcases.SearchTest@8458f04]" started-at="2022-12-24T21:50:29 EST" name="tearDown" finished-at="2022-12-24T21:50:30 EST" duration-ms="446" status="PASS">
          <reporter-output>
          </reporter-output>
        </test-method> <!-- tearDown -->
        <test-method is-config="true" signature="startup()[pri:0, instance:com.qa.tutorials.testcases.SearchTest@8458f04]" started-at="2022-12-24T21:50:30 EST" name="startup" finished-at="2022-12-24T21:50:36 EST" duration-ms="5664" status="PASS">
          <reporter-output>
          </reporter-output>
        </test-method> <!-- startup -->
        <test-method signature="verifySearchWithInValidProduct()[pri:2, instance:com.qa.tutorials.testcases.SearchTest@8458f04]" started-at="2022-12-24T21:50:36 EST" name="verifySearchWithInValidProduct" finished-at="2022-12-24T21:50:37 EST" duration-ms="1501" status="PASS">
          <reporter-output>
          </reporter-output>
        </test-method> <!-- verifySearchWithInValidProduct -->
        <test-method is-config="true" signature="tearDown()[pri:0, instance:com.qa.tutorials.testcases.SearchTest@8458f04]" started-at="2022-12-24T21:50:37 EST" name="tearDown" finished-at="2022-12-24T21:50:37 EST" duration-ms="364" status="PASS">
          <reporter-output>
          </reporter-output>
        </test-method> <!-- tearDown -->
        <test-method is-config="true" signature="startup()[pri:0, instance:com.qa.tutorials.testcases.SearchTest@8458f04]" started-at="2022-12-24T21:50:37 EST" name="startup" finished-at="2022-12-24T21:50:42 EST" duration-ms="4679" status="PASS">
          <reporter-output>
          </reporter-output>
        </test-method> <!-- startup -->
        <test-method signature="verifySearchWithoutAnyProduct()[pri:3, instance:com.qa.tutorials.testcases.SearchTest@8458f04]" started-at="2022-12-24T21:50:42 EST" name="verifySearchWithoutAnyProduct" finished-at="2022-12-24T21:50:43 EST" duration-ms="710" status="PASS">
          <reporter-output>
          </reporter-output>
        </test-method> <!-- verifySearchWithoutAnyProduct -->
        <test-method is-config="true" signature="tearDown()[pri:0, instance:com.qa.tutorials.testcases.SearchTest@8458f04]" started-at="2022-12-24T21:50:43 EST" name="tearDown" finished-at="2022-12-24T21:50:43 EST" duration-ms="353" status="PASS">
          <reporter-output>
          </reporter-output>
        </test-method> <!-- tearDown -->
      </class> <!-- com.qa.tutorials.testcases.SearchTest -->
      <class name="com.qa.tutorials.testcases.LoginTest">
        <test-method is-config="true" signature="setup()[pri:0, instance:com.qa.tutorials.testcases.LoginTest@606e4010]" started-at="2022-12-24T21:49:22 EST" name="setup" finished-at="2022-12-24T21:49:30 EST" duration-ms="7830" status="PASS">
          <reporter-output>
          </reporter-output>
        </test-method> <!-- setup -->
        <test-method signature="verifyLoginWithValidCredentials()[pri:1, instance:com.qa.tutorials.testcases.LoginTest@606e4010]" started-at="2022-12-24T21:49:30 EST" name="verifyLoginWithValidCredentials" finished-at="2022-12-24T21:49:31 EST" duration-ms="1189" status="PASS">
          <reporter-output>
          </reporter-output>
        </test-method> <!-- verifyLoginWithValidCredentials -->
        <test-method is-config="true" signature="tearDown()[pri:0, instance:com.qa.tutorials.testcases.LoginTest@606e4010]" started-at="2022-12-24T21:49:31 EST" name="tearDown" finished-at="2022-12-24T21:49:31 EST" duration-ms="306" status="PASS">
          <reporter-output>
          </reporter-output>
        </test-method> <!-- tearDown -->
        <test-method is-config="true" signature="setup()[pri:0, instance:com.qa.tutorials.testcases.LoginTest@606e4010]" started-at="2022-12-24T21:49:31 EST" name="setup" finished-at="2022-12-24T21:49:41 EST" duration-ms="9895" status="PASS">
          <reporter-output>
          </reporter-output>
        </test-method> <!-- setup -->
        <test-method signature="verifyLoginWithInValidCredentials()[pri:2, instance:com.qa.tutorials.testcases.LoginTest@606e4010]" started-at="2022-12-24T21:49:41 EST" name="verifyLoginWithInValidCredentials" finished-at="2022-12-24T21:49:43 EST" duration-ms="1868" status="PASS">
          <reporter-output>
          </reporter-output>
        </test-method> <!-- verifyLoginWithInValidCredentials -->
        <test-method is-config="true" signature="tearDown()[pri:0, instance:com.qa.tutorials.testcases.LoginTest@606e4010]" started-at="2022-12-24T21:49:43 EST" name="tearDown" finished-at="2022-12-24T21:49:43 EST" duration-ms="415" status="PASS">
          <reporter-output>
          </reporter-output>
        </test-method> <!-- tearDown -->
        <test-method is-config="true" signature="setup()[pri:0, instance:com.qa.tutorials.testcases.LoginTest@606e4010]" started-at="2022-12-24T21:49:43 EST" name="setup" finished-at="2022-12-24T21:49:55 EST" duration-ms="11288" status="PASS">
          <reporter-output>
          </reporter-output>
        </test-method> <!-- setup -->
        <test-method signature="VerifyLoginWithInvalidEmailidValidPassword()[pri:3, instance:com.qa.tutorials.testcases.LoginTest@606e4010]" started-at="2022-12-24T21:49:55 EST" name="VerifyLoginWithInvalidEmailidValidPassword" finished-at="2022-12-24T21:49:56 EST" duration-ms="1624" status="PASS">
          <reporter-output>
          </reporter-output>
        </test-method> <!-- VerifyLoginWithInvalidEmailidValidPassword -->
        <test-method is-config="true" signature="tearDown()[pri:0, instance:com.qa.tutorials.testcases.LoginTest@606e4010]" started-at="2022-12-24T21:49:56 EST" name="tearDown" finished-at="2022-12-24T21:49:57 EST" duration-ms="562" status="PASS">
          <reporter-output>
          </reporter-output>
        </test-method> <!-- tearDown -->
        <test-method is-config="true" signature="setup()[pri:0, instance:com.qa.tutorials.testcases.LoginTest@606e4010]" started-at="2022-12-24T21:49:57 EST" name="setup" finished-at="2022-12-24T21:50:09 EST" duration-ms="12218" status="PASS">
          <reporter-output>
          </reporter-output>
        </test-method> <!-- setup -->
        <test-method signature="VerifyLoginWithvalidEmailidInValidPassword()[pri:4, instance:com.qa.tutorials.testcases.LoginTest@606e4010]" started-at="2022-12-24T21:50:09 EST" name="VerifyLoginWithvalidEmailidInValidPassword" finished-at="2022-12-24T21:50:11 EST" duration-ms="1402" status="PASS">
          <reporter-output>
          </reporter-output>
        </test-method> <!-- VerifyLoginWithvalidEmailidInValidPassword -->
        <test-method is-config="true" signature="tearDown()[pri:0, instance:com.qa.tutorials.testcases.LoginTest@606e4010]" started-at="2022-12-24T21:50:11 EST" name="tearDown" finished-at="2022-12-24T21:50:11 EST" duration-ms="437" status="PASS">
          <reporter-output>
          </reporter-output>
        </test-method> <!-- tearDown -->
        <test-method is-config="true" signature="setup()[pri:0, instance:com.qa.tutorials.testcases.LoginTest@606e4010]" started-at="2022-12-24T21:50:11 EST" name="setup" finished-at="2022-12-24T21:50:21 EST" duration-ms="10119" status="PASS">
          <reporter-output>
          </reporter-output>
        </test-method> <!-- setup -->
        <test-method signature="VerifyLoginWithNoCredentials()[pri:5, instance:com.qa.tutorials.testcases.LoginTest@606e4010]" started-at="2022-12-24T21:50:21 EST" name="VerifyLoginWithNoCredentials" finished-at="2022-12-24T21:50:23 EST" duration-ms="1926" status="PASS">
          <reporter-output>
          </reporter-output>
        </test-method> <!-- VerifyLoginWithNoCredentials -->
        <test-method is-config="true" signature="tearDown()[pri:0, instance:com.qa.tutorials.testcases.LoginTest@606e4010]" started-at="2022-12-24T21:50:23 EST" name="tearDown" finished-at="2022-12-24T21:50:24 EST" duration-ms="531" status="PASS">
          <reporter-output>
          </reporter-output>
        </test-method> <!-- tearDown -->
      </class> <!-- com.qa.tutorials.testcases.LoginTest -->
    </test> <!-- NinjaTest -->
  </suite> <!-- NinjatutorialSuite -->
</testng-results>
